-------------------------------------------------------------------------------
Test set: com.backend.it.IncomeIntegrationTests
-------------------------------------------------------------------------------
Tests run: 4, Failures: 0, Errors: 4, Skipped: 0, Time elapsed: 0.55 s <<< FAILURE! - in com.backend.it.IncomeIntegrationTests
testGetIncomes  Time elapsed: 0.133 s  <<< ERROR!
java.lang.NullPointerException: Cannot invoke "String.length()" because the return value of "org.springframework.http.ResponseEntity.getBody()" is null
	at com.backend.it.IncomeIntegrationTests.setUp(IncomeIntegrationTests.java:61)

testUpdateIncome  Time elapsed: 0.133 s  <<< ERROR!
java.lang.NullPointerException: Cannot invoke "String.length()" because the return value of "org.springframework.http.ResponseEntity.getBody()" is null
	at com.backend.it.IncomeIntegrationTests.setUp(IncomeIntegrationTests.java:61)

testDeleteIncome  Time elapsed: 0.134 s  <<< ERROR!
java.lang.NullPointerException: Cannot invoke "String.length()" because the return value of "org.springframework.http.ResponseEntity.getBody()" is null
	at com.backend.it.IncomeIntegrationTests.setUp(IncomeIntegrationTests.java:61)

testAddIncome  Time elapsed: 0.143 s  <<< ERROR!
java.lang.NullPointerException: Cannot invoke "String.length()" because the return value of "org.springframework.http.ResponseEntity.getBody()" is null
	at com.backend.it.IncomeIntegrationTests.setUp(IncomeIntegrationTests.java:61)

