<?xml version="1.0" encoding="UTF-8"?>
<testsuite xmlns:xsi="http://www.w3.org/2001/XMLSchema-instance" xsi:noNamespaceSchemaLocation="https://maven.apache.org/surefire/maven-surefire-plugin/xsd/surefire-test-report.xsd" name="com.backend.service.Impl.ExpenseServiceImplTests" time="0.055" tests="7" errors="0" skipped="0" failures="0">
  <properties>
[...]
</properties>
  <testcase name="testSaveExpense" classname="com.backend.service.Impl.ExpenseServiceImplTests" time="0.041"/>
  <testcase name="testUpdateExpense" classname="com.backend.service.Impl.ExpenseServiceImplTests" time="0.002"/>
  <testcase name="testUpdateExpenseNotFoundException" classname="com.backend.service.Impl.ExpenseServiceImplTests" time="0.002"/>
  <testcase name="testDeleteExpense" classname="com.backend.service.Impl.ExpenseServiceImplTests" time="0.002"/>
  <testcase name="testGetAllExpenses" classname="com.backend.service.Impl.ExpenseServiceImplTests" time="0.003"/>
  <testcase name="testGetExpenseById" classname="com.backend.service.Impl.ExpenseServiceImplTests" time="0.001"/>
  <testcase name="testGetExpenseByIdNotFoundException" classname="com.backend.service.Impl.ExpenseServiceImplTests" time="0.001"/>
</testsuite>