<?xml version="1.0" encoding="UTF-8"?>
<testsuite xmlns:xsi="http://www.w3.org/2001/XMLSchema-instance" xsi:noNamespaceSchemaLocation="https://maven.apache.org/surefire/maven-surefire-plugin/xsd/surefire-test-report.xsd" name="com.backend.it.AccountIntegrationTests" time="9.955" tests="3" errors="3" skipped="0" failures="0">
  <properties>
[...]
</properties>
  <testcase name="testSaveAccount" classname="com.backend.it.AccountIntegrationTests" time="0.939">
    <error message="Cannot invoke &quot;String.length()&quot; because the return value of &quot;org.springframework.http.ResponseEntity.getBody()&quot; is null" type="java.lang.NullPointerException">java.lang.NullPointerException: Cannot invoke "String.length()" because the return value of "org.springframework.http.ResponseEntity.getBody()" is null
	at com.backend.it.AccountIntegrationTests.setUp(AccountIntegrationTests.java:66)
</error>
    <system-out><![CDATA[00:02:14.320 [main] DEBUG org.springframework.boot.test.context.SpringBootTestContextBootstrapper - Neither @ContextConfiguration nor @ContextHierarchy found for test class [AccountIntegrationTests]: using SpringBootContextLoader
00:02:14.329 [main] DEBUG org.springframework.test.context.support.AbstractContextLoader - Could not detect default resource locations for test class [com.backend.it.AccountIntegrationTests]: no resource found for suffixes {-context.xml, Context.groovy}.
00:02:14.399 [main] DEBUG org.springframework.boot.test.context.SpringBootTestContextBootstrapper - Using ContextCustomizers for test class [AccountIntegrationTests]: [ExcludeFilterContextCustomizer, DuplicateJsonObjectContextCustomizer, MockitoContextCustomizer, TestRestTemplateContextCustomizer, DisableObservabilityContextCustomizer, PropertyMappingContextCustomizer, Customizer]
00:02:14.681 [main] DEBUG org.springframework.boot.test.context.SpringBootTestContextBootstrapper - Using TestExecutionListeners for test class [AccountIntegrationTests]: [ServletTestExecutionListener, DirtiesContextBeforeModesTestExecutionListener, ApplicationEventsTestExecutionListener, MockitoTestExecutionListener, DependencyInjectionTestExecutionListener, DirtiesContextTestExecutionListener, TransactionalTestExecutionListener, SqlScriptsTestExecutionListener, EventPublishingTestExecutionListener, WithSecurityContextTestExecutionListener, ReactorContextTestExecutionListener, ResetMocksTestExecutionListener, RestDocsTestExecutionListener, MockRestServiceServerResetTestExecutionListener, MockMvcPrintOnlyOnFailureTestExecutionListener, WebDriverTestExecutionListener, MockWebServiceServerTestExecutionListener]
00:02:14.682 [main] DEBUG org.springframework.test.context.support.AbstractDirtiesContextTestExecutionListener - Before test class: class [AccountIntegrationTests], class annotated with @DirtiesContext [false] with mode [null]
00:02:15.125 [main] DEBUG org.springframework.test.context.support.DependencyInjectionTestExecutionListener - Performing dependency injection for test class com.backend.it.AccountIntegrationTests

  .   ____          _            __ _ _
 /\\ / ___'_ __ _ _(_)_ __  __ _ \ \ \ \
( ( )\___ | '_ | '_| | '_ \/ _` | \ \ \ \
 \\/  ___)| |_)| | | | | || (_| |  ) ) ) )
  '  |____| .__|_| |_|_| |_\__, | / / / /
 =========|_|==============|___/=/_/_/_/
 :: Spring Boot ::                (v3.0.2)

2025-02-19T00:02:15.561+05:30  INFO 19016 --- [           main] com.backend.it.AccountIntegrationTests   : Starting AccountIntegrationTests using Java 17.0.12 with PID 19016 (started by mohit in C:\Users\mohit\Downloads\FinTrack\backend)
2025-02-19T00:02:15.563+05:30  INFO 19016 --- [           main] com.backend.it.AccountIntegrationTests   : No active profile set, falling back to 1 default profile: "default"
2025-02-19T00:02:16.528+05:30  INFO 19016 --- [           main] .s.d.r.c.RepositoryConfigurationDelegate : Bootstrapping Spring Data JPA repositories in DEFAULT mode.
2025-02-19T00:02:16.639+05:30  INFO 19016 --- [           main] .s.d.r.c.RepositoryConfigurationDelegate : Finished Spring Data repository scanning in 95 ms. Found 5 JPA repository interfaces.
2025-02-19T00:02:17.145+05:30  INFO 19016 --- [           main] trationDelegate$BeanPostProcessorChecker : Bean 'org.springframework.ws.config.annotation.DelegatingWsConfiguration' of type [org.springframework.ws.config.annotation.DelegatingWsConfiguration$$SpringCGLIB$$0] is not eligible for getting processed by all BeanPostProcessors (for example: not eligible for auto-proxying)
2025-02-19T00:02:17.202+05:30  INFO 19016 --- [           main] .w.s.a.s.AnnotationActionEndpointMapping : Supporting [WS-Addressing August 2004, WS-Addressing 1.0]
2025-02-19T00:02:17.608+05:30  INFO 19016 --- [           main] o.s.b.w.embedded.tomcat.TomcatWebServer  : Tomcat initialized with port(s): 0 (http)
2025-02-19T00:02:17.627+05:30  INFO 19016 --- [           main] o.apache.catalina.core.StandardService   : Starting service [Tomcat]
2025-02-19T00:02:17.627+05:30  INFO 19016 --- [           main] o.apache.catalina.core.StandardEngine    : Starting Servlet engine: [Apache Tomcat/10.1.5]
2025-02-19T00:02:17.754+05:30  INFO 19016 --- [           main] o.a.c.c.C.[Tomcat].[localhost].[/]       : Initializing Spring embedded WebApplicationContext
2025-02-19T00:02:17.756+05:30  INFO 19016 --- [           main] w.s.c.ServletWebServerApplicationContext : Root WebApplicationContext: initialization completed in 2145 ms
2025-02-19T00:02:17.980+05:30  INFO 19016 --- [           main] o.hibernate.jpa.internal.util.LogHelper  : HHH000204: Processing PersistenceUnitInfo [name: default]
2025-02-19T00:02:18.059+05:30  INFO 19016 --- [           main] org.hibernate.Version                    : HHH000412: Hibernate ORM core version 6.1.6.Final
2025-02-19T00:02:18.318+05:30  WARN 19016 --- [           main] org.hibernate.orm.deprecation            : HHH90000021: Encountered deprecated setting [javax.persistence.sharedCache.mode], use [jakarta.persistence.sharedCache.mode] instead
2025-02-19T00:02:18.473+05:30  INFO 19016 --- [           main] com.zaxxer.hikari.HikariDataSource       : HikariPool-1 - Starting...
2025-02-19T00:02:18.480+05:30  WARN 19016 --- [           main] c.zaxxer.hikari.util.DriverDataSource    : Registered driver with driverClassName=com.mysql.jdbc.Driver was not found, trying direct instantiation.
2025-02-19T00:02:19.286+05:30  INFO 19016 --- [           main] com.zaxxer.hikari.pool.HikariPool        : HikariPool-1 - Added connection com.mysql.cj.jdbc.ConnectionImpl@5afc4816
2025-02-19T00:02:19.290+05:30  INFO 19016 --- [           main] com.zaxxer.hikari.HikariDataSource       : HikariPool-1 - Start completed.
2025-02-19T00:02:19.405+05:30  INFO 19016 --- [           main] SQL dialect                              : HHH000400: Using dialect: org.hibernate.dialect.MySQLDialect
2025-02-19T00:02:21.073+05:30  INFO 19016 --- [           main] o.h.e.t.j.p.i.JtaPlatformInitiator       : HHH000490: Using JtaPlatform implementation: [org.hibernate.engine.transaction.jta.platform.internal.NoJtaPlatform]
2025-02-19T00:02:21.084+05:30  INFO 19016 --- [           main] j.LocalContainerEntityManagerFactoryBean : Initialized JPA EntityManagerFactory for persistence unit 'default'
2025-02-19T00:02:21.757+05:30  WARN 19016 --- [           main] JpaBaseConfiguration$JpaWebConfiguration : spring.jpa.open-in-view is enabled by default. Therefore, database queries may be performed during view rendering. Explicitly configure spring.jpa.open-in-view to disable this warning
2025-02-19T00:02:22.204+05:30  INFO 19016 --- [           main] o.s.s.web.DefaultSecurityFilterChain     : Will secure any request with [org.springframework.security.web.session.DisableEncodeUrlFilter@6281472, org.springframework.security.web.context.request.async.WebAsyncManagerIntegrationFilter@2186360e, org.springframework.security.web.context.SecurityContextHolderFilter@7f5d55df, org.springframework.security.web.header.HeaderWriterFilter@3978cbe6, org.springframework.web.filter.CorsFilter@1250d9c, org.springframework.security.web.authentication.logout.LogoutFilter@3dfef25d, com.backend.config.JwtRequestFilter@76271f47, org.springframework.security.web.savedrequest.RequestCacheAwareFilter@617fea5b, org.springframework.security.web.servletapi.SecurityContextHolderAwareRequestFilter@1a5fdcae, org.springframework.security.web.authentication.AnonymousAuthenticationFilter@2b60416, org.springframework.security.web.session.SessionManagementFilter@331de830, org.springframework.security.web.access.ExceptionTranslationFilter@b74ce29, org.springframework.security.web.access.intercept.AuthorizationFilter@ad5bb92]
2025-02-19T00:02:22.644+05:30  INFO 19016 --- [           main] o.s.b.w.embedded.tomcat.TomcatWebServer  : Tomcat started on port(s): 6726 (http) with context path ''
2025-02-19T00:02:22.655+05:30  INFO 19016 --- [           main] com.backend.it.AccountIntegrationTests   : Started AccountIntegrationTests in 7.492 seconds (process running for 9.782)
2025-02-19T00:02:23.061+05:30  INFO 19016 --- [o-auto-1-exec-1] o.a.c.c.C.[Tomcat].[localhost].[/]       : Initializing Spring DispatcherServlet 'dispatcherServlet'
2025-02-19T00:02:23.061+05:30  INFO 19016 --- [o-auto-1-exec-1] o.s.web.servlet.DispatcherServlet        : Initializing Servlet 'dispatcherServlet'
2025-02-19T00:02:23.062+05:30  INFO 19016 --- [o-auto-1-exec-1] o.s.web.servlet.DispatcherServlet        : Completed initialization in 1 ms
2025-02-19T00:02:23.100+05:30  WARN 19016 --- [o-auto-1-exec-1] com.backend.config.JwtRequestFilter      : JWT Token does not begin with Bearer String
]]></system-out>
    <system-err><![CDATA[SLF4J: Class path contains multiple SLF4J providers.
SLF4J: Found provider [ch.qos.logback.classic.spi.LogbackServiceProvider@487db668]
SLF4J: Found provider [org.slf4j.nop.NOPServiceProvider@46944ca9]
SLF4J: Found provider [org.slf4j.jul.JULServiceProvider@22bac7bc]
SLF4J: See https://www.slf4j.org/codes.html#multiple_bindings for an explanation.
SLF4J: Actual provider is of type [ch.qos.logback.classic.spi.LogbackServiceProvider@487db668]
Loading class `com.mysql.jdbc.Driver'. This is deprecated. The new driver class is `com.mysql.cj.jdbc.Driver'. The driver is automatically registered via the SPI and manual loading of the driver class is generally unnecessary.
]]></system-err>
  </testcase>
  <testcase name="testUpdateAccount" classname="com.backend.it.AccountIntegrationTests" time="0.134">
    <error message="Cannot invoke &quot;String.length()&quot; because the return value of &quot;org.springframework.http.ResponseEntity.getBody()&quot; is null" type="java.lang.NullPointerException">java.lang.NullPointerException: Cannot invoke "String.length()" because the return value of "org.springframework.http.ResponseEntity.getBody()" is null
	at com.backend.it.AccountIntegrationTests.setUp(AccountIntegrationTests.java:66)
</error>
    <system-out><![CDATA[2025-02-19T00:02:23.616+05:30  WARN 19016 --- [o-auto-1-exec-3] com.backend.config.JwtRequestFilter      : JWT Token does not begin with Bearer String
]]></system-out>
  </testcase>
  <testcase name="testGetAccounts" classname="com.backend.it.AccountIntegrationTests" time="0.138">
    <error message="Cannot invoke &quot;String.length()&quot; because the return value of &quot;org.springframework.http.ResponseEntity.getBody()&quot; is null" type="java.lang.NullPointerException">java.lang.NullPointerException: Cannot invoke "String.length()" because the return value of "org.springframework.http.ResponseEntity.getBody()" is null
	at com.backend.it.AccountIntegrationTests.setUp(AccountIntegrationTests.java:66)
</error>
    <system-out><![CDATA[2025-02-19T00:02:23.752+05:30  WARN 19016 --- [o-auto-1-exec-4] com.backend.config.JwtRequestFilter      : JWT Token does not begin with Bearer String
]]></system-out>
  </testcase>
</testsuite>